<?xml version="1.0" encoding="UTF-8"?>
<testsuite xmlns:xsi="http://www.w3.org/2001/XMLSchema-instance" xsi:noNamespaceSchemaLocation="https://maven.apache.org/surefire/maven-surefire-plugin/xsd/surefire-test-report-3.0.xsd" version="3.0" name="com.playwrighttests.tests.YoutubeTest" time="61.395" tests="1" errors="0" skipped="0" failures="0">
  <properties>
    <property name="java.specification.version" value="17"/>
    <property name="sun.jnu.encoding" value="UTF-8"/>
    <property name="java.class.path" value="/home/nix/Documents/playwright-test/target/test-classes:/home/nix/Documents/playwright-test/target/classes:/home/nix/.m2/repository/org/slf4j/slf4j-api/2.0.7/slf4j-api-2.0.7.jar:/home/nix/.m2/repository/org/slf4j/slf4j-simple/2.0.7/slf4j-simple-2.0.7.jar:/home/nix/.m2/repository/org/projectlombok/lombok/1.18.28/lombok-1.18.28.jar:/home/nix/.m2/repository/com/microsoft/playwright/playwright/1.43.0/playwright-1.43.0.jar:/home/nix/.m2/repository/com/google/code/gson/gson/2.10.1/gson-2.10.1.jar:/home/nix/.m2/repository/org/opentest4j/opentest4j/1.3.0/opentest4j-1.3.0.jar:/home/nix/.m2/repository/com/microsoft/playwright/driver/1.43.0/driver-1.43.0.jar:/home/nix/.m2/repository/com/microsoft/playwright/driver-bundle/1.43.0/driver-bundle-1.43.0.jar:/home/nix/.m2/repository/org/junit/jupiter/junit-jupiter-api/5.10.1/junit-jupiter-api-5.10.1.jar:/home/nix/.m2/repository/org/junit/platform/junit-platform-commons/1.10.1/junit-platform-commons-1.10.1.jar:/home/nix/.m2/repository/org/apiguardian/apiguardian-api/1.1.2/apiguardian-api-1.1.2.jar:/home/nix/.m2/repository/org/junit/jupiter/junit-jupiter-engine/5.10.1/junit-jupiter-engine-5.10.1.jar:/home/nix/.m2/repository/org/junit/platform/junit-platform-engine/1.10.1/junit-platform-engine-1.10.1.jar:/home/nix/.m2/repository/com/aventstack/extentreports/5.1.1/extentreports-5.1.1.jar:/home/nix/.m2/repository/io/reactivex/rxjava3/rxjava/3.1.6/rxjava-3.1.6.jar:/home/nix/.m2/repository/org/reactivestreams/reactive-streams/1.0.4/reactive-streams-1.0.4.jar:/home/nix/.m2/repository/org/freemarker/freemarker/2.3.32/freemarker-2.3.32.jar:"/>
    <property name="java.vm.vendor" value="Ubuntu"/>
    <property name="sun.arch.data.model" value="64"/>
    <property name="java.vendor.url" value="https://ubuntu.com/"/>
    <property name="user.timezone" value="Asia/Kolkata"/>
    <property name="os.name" value="Linux"/>
    <property name="java.vm.specification.version" value="17"/>
    <property name="sun.java.launcher" value="SUN_STANDARD"/>
    <property name="user.country" value="US"/>
    <property name="sun.boot.library.path" value="/usr/lib/jvm/java-17-openjdk-amd64/lib"/>
    <property name="sun.java.command" value="/home/nix/Documents/playwright-test/target/surefire/surefirebooter-20250528093644195_3.jar /home/nix/Documents/playwright-test/target/surefire 2025-05-28T09-36-44_087-jvmRun1 surefire-20250528093644195_1tmp surefire_0-20250528093644195_2tmp"/>
    <property name="jdk.debug" value="release"/>
    <property name="surefire.test.class.path" value="/home/nix/Documents/playwright-test/target/test-classes:/home/nix/Documents/playwright-test/target/classes:/home/nix/.m2/repository/org/slf4j/slf4j-api/2.0.7/slf4j-api-2.0.7.jar:/home/nix/.m2/repository/org/slf4j/slf4j-simple/2.0.7/slf4j-simple-2.0.7.jar:/home/nix/.m2/repository/org/projectlombok/lombok/1.18.28/lombok-1.18.28.jar:/home/nix/.m2/repository/com/microsoft/playwright/playwright/1.43.0/playwright-1.43.0.jar:/home/nix/.m2/repository/com/google/code/gson/gson/2.10.1/gson-2.10.1.jar:/home/nix/.m2/repository/org/opentest4j/opentest4j/1.3.0/opentest4j-1.3.0.jar:/home/nix/.m2/repository/com/microsoft/playwright/driver/1.43.0/driver-1.43.0.jar:/home/nix/.m2/repository/com/microsoft/playwright/driver-bundle/1.43.0/driver-bundle-1.43.0.jar:/home/nix/.m2/repository/org/junit/jupiter/junit-jupiter-api/5.10.1/junit-jupiter-api-5.10.1.jar:/home/nix/.m2/repository/org/junit/platform/junit-platform-commons/1.10.1/junit-platform-commons-1.10.1.jar:/home/nix/.m2/repository/org/apiguardian/apiguardian-api/1.1.2/apiguardian-api-1.1.2.jar:/home/nix/.m2/repository/org/junit/jupiter/junit-jupiter-engine/5.10.1/junit-jupiter-engine-5.10.1.jar:/home/nix/.m2/repository/org/junit/platform/junit-platform-engine/1.10.1/junit-platform-engine-1.10.1.jar:/home/nix/.m2/repository/com/aventstack/extentreports/5.1.1/extentreports-5.1.1.jar:/home/nix/.m2/repository/io/reactivex/rxjava3/rxjava/3.1.6/rxjava-3.1.6.jar:/home/nix/.m2/repository/org/reactivestreams/reactive-streams/1.0.4/reactive-streams-1.0.4.jar:/home/nix/.m2/repository/org/freemarker/freemarker/2.3.32/freemarker-2.3.32.jar:"/>
    <property name="sun.cpu.endian" value="little"/>
    <property name="user.home" value="/home/nix"/>
    <property name="user.language" value="en"/>
    <property name="java.specification.vendor" value="Oracle Corporation"/>
    <property name="java.version.date" value="2025-04-15"/>
    <property name="java.home" value="/usr/lib/jvm/java-17-openjdk-amd64"/>
    <property name="file.separator" value="/"/>
    <property name="basedir" value="/home/nix/Documents/playwright-test"/>
    <property name="java.vm.compressedOopsMode" value="Zero based"/>
    <property name="line.separator" value="&#10;"/>
    <property name="java.vm.specification.vendor" value="Oracle Corporation"/>
    <property name="java.specification.name" value="Java Platform API Specification"/>
    <property name="surefire.real.class.path" value="/home/nix/Documents/playwright-test/target/surefire/surefirebooter-20250528093644195_3.jar"/>
    <property name="sun.management.compiler" value="HotSpot 64-Bit Tiered Compilers"/>
    <property name="java.runtime.version" value="17.0.15+6-Ubuntu-0ubuntu124.04"/>
    <property name="user.name" value="nix"/>
    <property name="path.separator" value=":"/>
    <property name="os.version" value="6.11.0-26-generic"/>
    <property name="java.runtime.name" value="OpenJDK Runtime Environment"/>
    <property name="file.encoding" value="UTF-8"/>
    <property name="java.vm.name" value="OpenJDK 64-Bit Server VM"/>
    <property name="localRepository" value="/home/nix/.m2/repository"/>
    <property name="java.vendor.url.bug" value="https://bugs.launchpad.net/ubuntu/+source/openjdk-17"/>
    <property name="java.io.tmpdir" value="/tmp"/>
    <property name="java.version" value="17.0.15"/>
    <property name="user.dir" value="/home/nix/Documents/playwright-test"/>
    <property name="os.arch" value="amd64"/>
    <property name="java.vm.specification.name" value="Java Virtual Machine Specification"/>
    <property name="native.encoding" value="UTF-8"/>
    <property name="java.library.path" value="/usr/java/packages/lib:/usr/lib/x86_64-linux-gnu/jni:/lib/x86_64-linux-gnu:/usr/lib/x86_64-linux-gnu:/usr/lib/jni:/lib:/usr/lib"/>
    <property name="java.vm.info" value="mixed mode, sharing"/>
    <property name="java.vendor" value="Ubuntu"/>
    <property name="java.vm.version" value="17.0.15+6-Ubuntu-0ubuntu124.04"/>
    <property name="java.specification.maintenance.version" value="1"/>
    <property name="sun.io.unicode.encoding" value="UnicodeLittle"/>
    <property name="java.class.version" value="61.0"/>
  </properties>
  <testcase name="testYoutubeHomepageLoads" classname="com.playwrighttests.tests.YoutubeTest" time="58.956">
    <system-err><![CDATA[[main] INFO com.playwrighttests.tests.BaseTest - === Global Test Setup Started ===
[main] INFO com.playwrighttests.utils.ConfigManager - Configuration properties loaded successfully
[main] INFO com.playwrighttests.utils.ExtentReportManager - ExtentReports initialized successfully. Report will be generated at: test-results/reports/ExtentReport_2025-05-28_09-36-44.html
[main] INFO com.playwrighttests.tests.BaseTest - Browser chromium launched successfully
[main] INFO com.playwrighttests.tests.BaseTest - === Global Test Setup Completed ===
[main] INFO com.playwrighttests.tests.BaseTest - === Test Setup Started: test-001-youtube-homepage-loads ===
[main] INFO com.playwrighttests.tests.BaseTest - === Test Setup Completed: test-001-youtube-homepage-loads ===
[main] INFO com.playwrighttests.pages.BasePage - Navigating to YouTube homepage: https://youtube.com
[main] INFO com.playwrighttests.pages.BasePage - Navigating to: https://youtube.com
[main] INFO com.playwrighttests.pages.BasePage - Validating if YouTube page is loaded
[main] INFO com.playwrighttests.pages.BasePage - Page title validated successfully
[main] INFO com.playwrighttests.utils.ScreenshotUtils - Screenshot captured: test-results/screenshots/youtube_homepage_2025-05-28_09-37-02.png
[main] INFO com.playwrighttests.pages.BasePage - Searching for: Playwright testing with Java
[main] INFO com.playwrighttests.utils.ScreenshotUtils - Screenshot captured: test-results/screenshots/youtube_search_results_2025-05-28_09-37-06.png
[main] INFO com.playwrighttests.pages.BasePage - Clicking on the first video thumbnail
[main] INFO com.playwrighttests.pages.BasePage - First video thumbnail clicked successfully
[main] INFO com.playwrighttests.pages.BasePage - Video player is now visible after clicking the first video thumbnail
[main] INFO com.playwrighttests.utils.ScreenshotUtils - Screenshot captured: test-results/screenshots/https:/www.youtube.com/watch?v=v2H1O0FJhdw&list=PLZMWkkQEwOPliOm7TkV0Ndg45cJPDthDC_first_video_played_2025-05-28_09-37-09.png
[main] INFO com.playwrighttests.pages.BasePage - Clicking on the skip button if it is visible within 15 seconds
[main] INFO com.playwrighttests.pages.BasePage - Skip button clicked successfully
[main] INFO com.playwrighttests.tests.BaseTest - === Test Teardown Started: test-001-youtube-homepage-loads ===
[main] INFO com.playwrighttests.tests.BaseTest - === Test Teardown Completed: test-001-youtube-homepage-loads ===
]]></system-err>
  </testcase>
</testsuite>